--------------------------------------------------------------------------------
Release 14.7 Trace  (nt64)
Copyright (c) 1995-2013 Xilinx, Inc.  All rights reserved.

C:\Xilinx\14.7\ISE_DS\ISE\bin\nt64\unwrapped\trce.exe -intstyle ise -v 3 -s 2
-n 3 -fastpaths -xml Entity_TrafficLight.twx Entity_TrafficLight.ncd -o
Entity_TrafficLight.twr Entity_TrafficLight.pcf -ucf Entity_TrafficLight.ucf

Design file:              Entity_TrafficLight.ncd
Physical constraint file: Entity_TrafficLight.pcf
Device,package,speed:     xc6slx16,csg324,C,-2 (PRODUCTION 1.23 2013-10-13)
Report level:             verbose report

Environment Variable      Effect 
--------------------      ------ 
NONE                      No environment variables were set
--------------------------------------------------------------------------------

INFO:Timing:2698 - No timing constraints found, doing default enumeration.
INFO:Timing:3412 - To improve timing, see the Timing Closure User Guide (UG612).
INFO:Timing:2752 - To get complete path coverage, use the unconstrained paths 
   option. All paths that are not constrained will be reported in the 
   unconstrained paths section(s) of the report.
INFO:Timing:3339 - The clock-to-out numbers in this timing report are based on 
   a 50 Ohm transmission line loading model.  For the details of this model, 
   and for more information on accounting for different loading conditions, 
   please see the device datasheet.



Data Sheet report:
-----------------
All values displayed in nanoseconds (ns)

Setup/Hold to clock clk
------------+------------+------------+------------+------------+------------------+--------+
            |Max Setup to|  Process   |Max Hold to |  Process   |                  | Clock  |
Source      | clk (edge) |   Corner   | clk (edge) |   Corner   |Internal Clock(s) | Phase  |
------------+------------+------------+------------+------------+------------------+--------+
clr         |    2.146(R)|      SLOW  |   -0.085(R)|      FAST  |clk_BUFGP         |   0.000|
------------+------------+------------+------------+------------+------------------+--------+

Clock clk to Pad
------------+-----------------+------------+-----------------+------------+------------------+--------+
            |Max (slowest) clk|  Process   |Min (fastest) clk|  Process   |                  | Clock  |
Destination |  (edge) to PAD  |   Corner   |  (edge) to PAD  |   Corner   |Internal Clock(s) | Phase  |
------------+-----------------+------------+-----------------+------------+------------------+--------+
light<0>    |        13.914(R)|      SLOW  |         6.126(R)|      FAST  |clk_BUFGP         |   0.000|
light<1>    |        12.795(R)|      SLOW  |         6.331(R)|      FAST  |clk_BUFGP         |   0.000|
light<2>    |        14.312(R)|      SLOW  |         7.053(R)|      FAST  |clk_BUFGP         |   0.000|
------------+-----------------+------------+-----------------+------------+------------------+--------+

Clock to Setup on destination clock clk
---------------+---------+---------+---------+---------+
               | Src:Rise| Src:Fall| Src:Rise| Src:Fall|
Source Clock   |Dest:Rise|Dest:Rise|Dest:Fall|Dest:Fall|
---------------+---------+---------+---------+---------+
clk            |    5.063|         |         |         |
---------------+---------+---------+---------+---------+

Pad to Pad
---------------+---------------+---------+
Source Pad     |Destination Pad|  Delay  |
---------------+---------------+---------+
tf<0>          |light<0>       |   12.885|
tf<0>          |light<1>       |   12.356|
tf<0>          |light<2>       |   13.374|
tf<1>          |light<0>       |   11.569|
tf<1>          |light<1>       |   11.479|
tf<1>          |light<2>       |   12.831|
tf<2>          |light<0>       |   12.870|
tf<2>          |light<1>       |   11.375|
tf<2>          |light<2>       |   13.499|
tf<3>          |light<0>       |   14.231|
tf<3>          |light<1>       |   13.926|
tf<3>          |light<2>       |   14.790|
---------------+---------------+---------+


Analysis completed Tue Mar 20 13:13:37 2018 
--------------------------------------------------------------------------------

Trace Settings:
-------------------------
Trace Settings 

Peak Memory Usage: 283 MB



