Running: C:\Xilinx\14.7\ISE_DS\ISE\bin\nt64\unwrapped\fuse.exe -intstyle ise -incremental -lib secureip -o C:/Users/Jet/Documents/GitHub/AdvancedLogicCircuitProject/advalog_project/trafficLightTB_isim_beh.exe -prj C:/Users/Jet/Documents/GitHub/AdvancedLogicCircuitProject/advalog_project/trafficLightTB_beh.prj work.trafficLightTB 
ISim P.20131013 (signature 0x7708f090)
Number of CPUs detected in this system: 4
Turning on mult-threading, number of parallel sub-compilation jobs: 8 
Determining compilation order of HDL files
Parsing VHDL file "C:/Users/Jet/Documents/GitHub/AdvancedLogicCircuitProject/advalog_project/TrafficLight.vhd" into library work
Parsing VHDL file "C:/Users/Jet/Documents/GitHub/AdvancedLogicCircuitProject/advalog_project/trafficLightTB.vhd" into library work
Starting static elaboration
Completed static elaboration
Compiling package standard
Compiling package std_logic_1164
Compiling package std_logic_arith
Compiling package std_logic_unsigned
Compiling architecture arch_trafficlight of entity Entity_TrafficLight [entity_trafficlight_default]
Compiling architecture behavior of entity trafficlighttb
Time Resolution for simulation is 1ps.
Waiting for 1 sub-compilation(s) to finish...
Compiled 7 VHDL Units
Built simulation executable C:/Users/Jet/Documents/GitHub/AdvancedLogicCircuitProject/advalog_project/trafficLightTB_isim_beh.exe
Fuse Memory Usage: 33484 KB
Fuse CPU Usage: 453 ms
